/*C1*/SET SCHEMA SYSTEM_LOBS
INSERT INTO LOB_IDS VALUES(7,199539,0,40)
ALTER SEQUENCE SYSTEM_LOBS.LOB_ID RESTART WITH 8
COMMIT
DELETE FROM BLOCKS WHERE BLOCK_ADDR=65
INSERT INTO BLOCKS VALUES(65,13,0)
INSERT INTO BLOCKS VALUES(78,2147483569,0)
DELETE FROM BLOCKS WHERE BLOCK_ADDR=65
INSERT INTO LOBS VALUES(65,13,0,7)
COMMIT
/*C13*/SET SCHEMA PUBLIC
INSERT INTO RECIPES VALUES(252,'','','soy pollo',7,'mi pollo',NULL,'1 hrs',2)
INSERT INTO RECIPE_INGREDIENTS VALUES(252,9)
SET SCHEMA SYSTEM_LOBS
DELETE FROM LOB_IDS WHERE LOB_ID=7
INSERT INTO LOB_IDS VALUES(7,199539,1,40)
SET SCHEMA PUBLIC
ALTER SEQUENCE PUBLIC.RECIPES_SEQ RESTART WITH 351
COMMIT
DISCONNECT
/*C14*/SET SCHEMA PUBLIC
DISCONNECT
/*C15*/SET SCHEMA PUBLIC
DISCONNECT
/*C16*/SET SCHEMA PUBLIC
DISCONNECT
/*C17*/SET SCHEMA PUBLIC
DISCONNECT
/*C18*/SET SCHEMA PUBLIC
DISCONNECT
/*C19*/SET SCHEMA PUBLIC
DISCONNECT
/*C20*/SET SCHEMA PUBLIC
DISCONNECT
/*C21*/SET SCHEMA PUBLIC
DISCONNECT
/*C22*/SET SCHEMA PUBLIC
DISCONNECT
